#
# There is insufficient memory for the Java Runtime Environment to continue.
# Native memory allocation (malloc) failed to allocate 304768 bytes for Chunk::new
# Possible reasons:
#   The system is out of physical RAM or swap space
#   In 32 bit mode, the process size limit was hit
# Possible solutions:
#   Reduce memory load on the system
#   Increase physical memory or swap space
#   Check if swap backing store is full
#   Use 64 bit Java on a 64 bit OS
#   Decrease Java heap size (-Xmx/-Xms)
#   Decrease number of Java threads
#   Decrease Java thread stack sizes (-Xss)
#   Set larger code cache with -XX:ReservedCodeCacheSize=
# This output file may be truncated or incomplete.
#
#  Out of Memory Error (allocation.cpp:390), pid=20868, tid=0x0000000000003a40
#
# JRE version: Java(TM) SE Runtime Environment (8.0_161-b12) (build 1.8.0_161-b12)
# Java VM: Java HotSpot(TM) 64-Bit Server VM (25.161-b12 mixed mode windows-amd64 compressed oops)
# Failed to write core dump. Minidumps are not enabled by default on client versions of Windows
#

---------------  T H R E A D  ---------------

Current thread (0x0000000019d65800):  JavaThread "C2 CompilerThread2" daemon [_thread_in_native, id=14912, stack(0x000000001a740000,0x000000001a840000)]

Stack: [0x000000001a740000,0x000000001a840000]
[error occurred during error reporting (printing stack bounds), id 0xc0000005]

Native frames: (J=compiled Java code, j=interpreted, Vv=VM code, C=native code)


Current CompileTask:
C2:   1054  963   !   4       sun.misc.URLClassPath$JarLoader::getResource (85 bytes)


---------------  P R O C E S S  ---------------

Java Threads: ( => current thread )
  0x000000001b7c2800 JavaThread "pool-1-thread-1" [_thread_blocked, id=24036, stack(0x000000001d2b0000,0x000000001d3b0000)]
  0x0000000019dfe800 JavaThread "Service Thread" daemon [_thread_blocked, id=23912, stack(0x000000001a940000,0x000000001aa40000)]
  0x0000000019d6c000 JavaThread "C1 CompilerThread3" daemon [_thread_blocked, id=25300, stack(0x000000001a840000,0x000000001a940000)]
=>0x0000000019d65800 JavaThread "C2 CompilerThread2" daemon [_thread_in_native, id=14912, stack(0x000000001a740000,0x000000001a840000)]
  0x0000000019d60800 JavaThread "C2 CompilerThread1" daemon [_thread_in_native, id=23960, stack(0x000000001a640000,0x000000001a740000)]
  0x0000000019d5b000 JavaThread "C2 CompilerThread0" daemon [_thread_blocked, id=25012, stack(0x000000001a540000,0x000000001a640000)]
  0x0000000019d59800 JavaThread "Attach Listener" daemon [_thread_blocked, id=1820, stack(0x000000001a440000,0x000000001a540000)]
  0x0000000017e6e000 JavaThread "Signal Dispatcher" daemon [_thread_blocked, id=18856, stack(0x000000001a340000,0x000000001a440000)]
  0x0000000019d50800 JavaThread "Finalizer" daemon [_thread_blocked, id=10004, stack(0x000000001a130000,0x000000001a230000)]
  0x0000000017e5d800 JavaThread "Reference Handler" daemon [_thread_blocked, id=24504, stack(0x0000000019c30000,0x0000000019d30000)]
  0x0000000002de2800 JavaThread "main" [_thread_in_native, id=19540, stack(0x0000000002ce0000,0x0000000002de0000)]

Other Threads:
  0x0000000017e58000 VMThread [stack: 0x0000000019b30000,0x0000000019c30000] [id=6992]
  0x0000000019e21000 WatcherThread [stack: 0x000000001aba0000,0x000000001aca0000] [id=21612]

VM state:not at safepoint (normal execution)

VM Mutex/Monitor currently owned by a thread: None

Heap:
 PSYoungGen      total 38400K, used 17889K [0x00000000d5f00000, 0x00000000d8980000, 0x0000000100000000)
  eden space 33280K, 38% used [0x00000000d5f00000,0x00000000d6b7a1c8,0x00000000d7f80000)
  from space 5120K, 99% used [0x00000000d8480000,0x00000000d897e4b8,0x00000000d8980000)
  to   space 5120K, 0% used [0x00000000d7f80000,0x00000000d7f80000,0x00000000d8480000)
 ParOldGen       total 87552K, used 1657K [0x0000000081c00000, 0x0000000087180000, 0x00000000d5f00000)
  object space 87552K, 1% used [0x0000000081c00000,0x0000000081d9e610,0x0000000087180000)
 Metaspace       used 18904K, capacity 19104K, committed 19200K, reserved 1067008K
  class space    used 2479K, capacity 2552K, committed 2560K, reserved 1048576K

Card table byte_map: [0x00000000122a0000,0x00000000126a0000] byte_map_base: 0x0000000011e92000

Marking Bits: (ParMarkBitMap*) 0x0000000056e4f860
 Begin Bits: [0x0000000013150000, 0x00000000150e0000)
 End Bits:   [0x00000000150e0000, 0x0000000017070000)

Polling page: 0x0000000001360000

CodeCache: size=245760Kb used=3557Kb max_used=3568Kb free=242202Kb
 bounds [0x0000000002ee0000, 0x0000000003260000, 0x0000000011ee0000]
 total_blobs=1384 nmethods=977 adapters=319
 compilation: enabled

Compilation events (10 events):
Event: 1.029 Thread 0x0000000019d6c000 nmethod 970 0x0000000003256a10 code [0x0000000003256b80, 0x0000000003256e48]
Event: 1.029 Thread 0x0000000019d6c000  971       3       java.util.jar.JarFile::getJarEntry (9 bytes)
Event: 1.030 Thread 0x0000000019d6c000 nmethod 971 0x0000000003256f50 code [0x00000000032570c0, 0x00000000032573c8]
Event: 1.033 Thread 0x0000000019d6c000  972       3       java.util.HashSet::<init> (16 bytes)
Event: 1.033 Thread 0x0000000019d6c000 nmethod 972 0x0000000003257b10 code [0x0000000003257ca0, 0x00000000032580b0]
Event: 1.034 Thread 0x0000000019d6c000  973       3       java.lang.Class::checkInitted (19 bytes)
Event: 1.034 Thread 0x0000000019d6c000 nmethod 973 0x0000000003258490 code [0x0000000003258600, 0x00000000032588c8]
Event: 1.038 Thread 0x0000000019d60800  974       4       java.io.WinNTFileSystem::normalize (143 bytes)
Event: 1.039 Thread 0x0000000019d5b000  975       4       java.util.zip.Inflater::ensureOpen (47 bytes)
Event: 1.039 Thread 0x0000000019d5b000 nmethod 975 0x000000000325b650 code [0x000000000325b780, 0x000000000325b818]

GC Heap History (4 events):
Event: 0.154 GC heap before
{Heap before GC invocations=1 (full 0):
 PSYoungGen      total 38400K, used 33224K [0x00000000d5f00000, 0x00000000d8980000, 0x0000000100000000)
  eden space 33280K, 99% used [0x00000000d5f00000,0x00000000d7f72270,0x00000000d7f80000)
  from space 5120K, 0% used [0x00000000d8480000,0x00000000d8480000,0x00000000d8980000)
  to   space 5120K, 0% used [0x00000000d7f80000,0x00000000d7f80000,0x00000000d8480000)
 ParOldGen       total 87552K, used 0K [0x0000000081c00000, 0x0000000087180000, 0x00000000d5f00000)
  object space 87552K, 0% used [0x0000000081c00000,0x0000000081c00000,0x0000000087180000)
 Metaspace       used 3223K, capacity 4600K, committed 4864K, reserved 1056768K
  class space    used 368K, capacity 424K, committed 512K, reserved 1048576K
Event: 0.155 GC heap after
Heap after GC invocations=1 (full 0):
 PSYoungGen      total 38400K, used 1123K [0x00000000d5f00000, 0x00000000d8980000, 0x0000000100000000)
  eden space 33280K, 0% used [0x00000000d5f00000,0x00000000d5f00000,0x00000000d7f80000)
  from space 5120K, 21% used [0x00000000d7f80000,0x00000000d8098ef0,0x00000000d8480000)
  to   space 5120K, 0% used [0x00000000d8480000,0x00000000d8480000,0x00000000d8980000)
 ParOldGen       total 87552K, used 8K [0x0000000081c00000, 0x0000000087180000, 0x00000000d5f00000)
  object space 87552K, 0% used [0x0000000081c00000,0x0000000081c02000,0x0000000087180000)
 Metaspace       used 3223K, capacity 4600K, committed 4864K, reserved 1056768K
  class space    used 368K, capacity 424K, committed 512K, reserved 1048576K
}
Event: 0.780 GC heap before
{Heap before GC invocations=2 (full 0):
 PSYoungGen      total 38400K, used 34403K [0x00000000d5f00000, 0x00000000d8980000, 0x0000000100000000)
  eden space 33280K, 100% used [0x00000000d5f00000,0x00000000d7f80000,0x00000000d7f80000)
  from space 5120K, 21% used [0x00000000d7f80000,0x00000000d8098ef0,0x00000000d8480000)
  to   space 5120K, 0% used [0x00000000d8480000,0x00000000d8480000,0x00000000d8980000)
 ParOldGen       total 87552K, used 8K [0x0000000081c00000, 0x0000000087180000, 0x00000000d5f00000)
  object space 87552K, 0% used [0x0000000081c00000,0x0000000081c02000,0x0000000087180000)
 Metaspace       used 14013K, capacity 14208K, committed 14592K, reserved 1062912K
  class space    used 1871K, capacity 1944K, committed 2048K, reserved 1048576K
Event: 0.785 GC heap after
Heap after GC invocations=2 (full 0):
 PSYoungGen      total 38400K, used 5113K [0x00000000d5f00000, 0x00000000d8980000, 0x0000000100000000)
  eden space 33280K, 0% used [0x00000000d5f00000,0x00000000d5f00000,0x00000000d7f80000)
  from space 5120K, 99% used [0x00000000d8480000,0x00000000d897e4b8,0x00000000d8980000)
  to   space 5120K, 0% used [0x00000000d7f80000,0x00000000d7f80000,0x00000000d8480000)
 ParOldGen       total 87552K, used 1657K [0x0000000081c00000, 0x0000000087180000, 0x00000000d5f00000)
  object space 87552K, 1% used [0x0000000081c00000,0x0000000081d9e610,0x0000000087180000)
 Metaspace       used 14013K, capacity 14208K, committed 14592K, reserved 1062912K
  class space    used 1871K, capacity 1944K, committed 2048K, reserved 1048576K
}

Deoptimization events (6 events):
Event: 0.106 Thread 0x0000000002de2800 Uncommon trap: reason=unstable_if action=reinterpret pc=0x0000000003003cb8 method=java.lang.String.hashCode()I @ 14
Event: 0.645 Thread 0x0000000002de2800 Uncommon trap: reason=unstable_if action=reinterpret pc=0x00000000031a3208 method=java.io.WinNTFileSystem.normalize(Ljava/lang/String;)Ljava/lang/String; @ 128
Event: 0.817 Thread 0x0000000002de2800 Uncommon trap: reason=unstable_if action=reinterpret pc=0x00000000031342b8 method=java.util.HashMap.getNode(ILjava/lang/Object;)Ljava/util/HashMap$Node; @ 62
Event: 0.817 Thread 0x0000000002de2800 Uncommon trap: reason=unstable_if action=reinterpret pc=0x00000000030c06c0 method=java.util.HashMap.getNode(ILjava/lang/Object;)Ljava/util/HashMap$Node; @ 62
Event: 0.845 Thread 0x0000000002de2800 Uncommon trap: reason=unstable_if action=reinterpret pc=0x0000000003223264 method=java.io.BufferedReader.read()I @ 19
Event: 0.928 Thread 0x0000000002de2800 Uncommon trap: reason=predicate action=maybe_recompile pc=0x00000000031a1be0 method=sun.net.www.ParseUtil.encodePath(Ljava/lang/String;Z)Ljava/lang/String; @ 36

Classes redefined (0 events):
No events

Internal exceptions (10 events):
Event: 0.364 Thread 0x0000000002de2800 Exception <a 'java/lang/NoSuchFieldError': method resolution failed> (0x00000000d68e91f8) thrown at [C:\re\workspace\8-2-build-windows-amd64-cygwin\jdk8u161\10277\hotspot\src\share\vm\prims\methodHandles.cpp, line 1167]
Event: 0.819 Thread 0x0000000002de2800 Exception <a 'java/lang/ArrayIndexOutOfBoundsException'> (0x00000000d60ba348) thrown at [C:\re\workspace\8-2-build-windows-amd64-cygwin\jdk8u161\10277\hotspot\src\share\vm\runtime\sharedRuntime.cpp, line 605]
Event: 0.820 Thread 0x0000000002de2800 Exception <a 'java/lang/ArrayIndexOutOfBoundsException'> (0x00000000d60bb2a8) thrown at [C:\re\workspace\8-2-build-windows-amd64-cygwin\jdk8u161\10277\hotspot\src\share\vm\runtime\sharedRuntime.cpp, line 605]
Event: 0.820 Thread 0x0000000002de2800 Exception <a 'java/lang/ArrayIndexOutOfBoundsException'> (0x00000000d60bc448) thrown at [C:\re\workspace\8-2-build-windows-amd64-cygwin\jdk8u161\10277\hotspot\src\share\vm\runtime\sharedRuntime.cpp, line 605]
Event: 0.820 Thread 0x0000000002de2800 Exception <a 'java/lang/ArrayIndexOutOfBoundsException'> (0x00000000d60bde60) thrown at [C:\re\workspace\8-2-build-windows-amd64-cygwin\jdk8u161\10277\hotspot\src\share\vm\runtime\sharedRuntime.cpp, line 605]
Event: 0.825 Thread 0x0000000002de2800 Exception <a 'java/lang/ArrayIndexOutOfBoundsException'> (0x00000000d60e48d0) thrown at [C:\re\workspace\8-2-build-windows-amd64-cygwin\jdk8u161\10277\hotspot\src\share\vm\runtime\sharedRuntime.cpp, line 605]
Event: 0.825 Thread 0x0000000002de2800 Exception <a 'java/lang/ArrayIndexOutOfBoundsException'> (0x00000000d60e5d20) thrown at [C:\re\workspace\8-2-build-windows-amd64-cygwin\jdk8u161\10277\hotspot\src\share\vm\runtime\sharedRuntime.cpp, line 605]
Event: 0.825 Thread 0x0000000002de2800 Exception <a 'java/lang/ArrayIndexOutOfBoundsException'> (0x00000000d60e7880) thrown at [C:\re\workspace\8-2-build-windows-amd64-cygwin\jdk8u161\10277\hotspot\src\share\vm\runtime\sharedRuntime.cpp, line 605]
Event: 0.829 Thread 0x0000000002de2800 Exception <a 'java/lang/ArrayIndexOutOfBoundsException'> (0x00000000d610d510) thrown at [C:\re\workspace\8-2-build-windows-amd64-cygwin\jdk8u161\10277\hotspot\src\share\vm\runtime\sharedRuntime.cpp, line 605]
Event: 0.832 Thread 0x0000000002de2800 Exception <a 'java/lang/ArrayIndexOutOfBoundsException'> (0x00000000d611c3d0) thrown at [C:\re\workspace\8-2-build-windows-amd64-cygwin\jdk8u161\10277\hotspot\src\share\vm\runtime\sharedRuntime.cpp, line 605]

Events (10 events):
Event: 1.045 loading class org/hibernate/sql/CaseFragment
Event: 1.045 loading class org/hibernate/sql/CaseFragment done
Event: 1.046 loading class org/hibernate/sql/ANSICaseFragment
Event: 1.046 loading class org/hibernate/sql/ANSICaseFragment done
Event: 1.046 loading class org/hibernate/engine/jdbc/env/spi/SchemaNameResolver
Event: 1.046 loading class org/hibernate/engine/jdbc/env/spi/SchemaNameResolver done
Event: 1.046 loading class org/hibernate/dialect/pagination/AbstractLimitHandler
Event: 1.046 loading class org/hibernate/dialect/pagination/AbstractLimitHandler done
Event: 1.047 loading class org/hibernate/dialect/Oracle8iDialect$1
Event: 1.047 loading class org/hibernate/dialect/Oracle8iDialect$1 done


Dynamic libraries:
0x00007ff730c00000 - 0x00007ff730c37000 	C:\Program Files\Java\jre1.8.0_161\bin\javaw.exe
0x00007ffd961f0000 - 0x00007ffd963d1000 	C:\WINDOWS\SYSTEM32\ntdll.dll
0x00007ffd95f70000 - 0x00007ffd96021000 	C:\WINDOWS\System32\KERNEL32.DLL
0x00007ffd92b60000 - 0x00007ffd92dd3000 	C:\WINDOWS\System32\KERNELBASE.dll
0x00007ffd94810000 - 0x00007ffd948b1000 	C:\WINDOWS\System32\ADVAPI32.dll
0x00007ffd94290000 - 0x00007ffd9432e000 	C:\WINDOWS\System32\msvcrt.dll
0x00007ffd94610000 - 0x00007ffd9466b000 	C:\WINDOWS\System32\sechost.dll
0x00007ffd948c0000 - 0x00007ffd949e4000 	C:\WINDOWS\System32\RPCRT4.dll
0x00007ffd96030000 - 0x00007ffd961c0000 	C:\WINDOWS\System32\USER32.dll
0x00007ffd92eb0000 - 0x00007ffd92ed0000 	C:\WINDOWS\System32\win32u.dll
0x00007ffd946f0000 - 0x00007ffd94718000 	C:\WINDOWS\System32\GDI32.dll
0x00007ffd92670000 - 0x00007ffd92802000 	C:\WINDOWS\System32\gdi32full.dll
0x00007ffd935e0000 - 0x00007ffd9367f000 	C:\WINDOWS\System32\msvcp_win.dll
0x00007ffd92a00000 - 0x00007ffd92af8000 	C:\WINDOWS\System32\ucrtbase.dll
0x00007ffd84580000 - 0x00007ffd847e9000 	C:\WINDOWS\WinSxS\amd64_microsoft.windows.common-controls_6595b64144ccf1df_6.0.17134.765_none_fb42a1a930655896\COMCTL32.dll
0x00007ffd93f50000 - 0x00007ffd94272000 	C:\WINDOWS\System32\combase.dll
0x00007ffd92e30000 - 0x00007ffd92eaa000 	C:\WINDOWS\System32\bcryptPrimitives.dll
0x00007ffd945e0000 - 0x00007ffd9460d000 	C:\WINDOWS\System32\IMM32.DLL
0x00000000518b0000 - 0x0000000051982000 	C:\Program Files\Java\jre1.8.0_161\bin\msvcr100.dll
0x0000000056630000 - 0x0000000056ecf000 	C:\Program Files\Java\jre1.8.0_161\bin\server\jvm.dll
0x00007ffd94280000 - 0x00007ffd94288000 	C:\WINDOWS\System32\PSAPI.DLL
0x00007ffd88140000 - 0x00007ffd88163000 	C:\WINDOWS\SYSTEM32\WINMM.dll
0x00007ffd8de40000 - 0x00007ffd8de4a000 	C:\WINDOWS\SYSTEM32\VERSION.dll
0x00007ffd87a70000 - 0x00007ffd87a79000 	C:\WINDOWS\SYSTEM32\WSOCK32.dll
0x00007ffd94680000 - 0x00007ffd946ec000 	C:\WINDOWS\System32\WS2_32.dll
0x00007ffd88110000 - 0x00007ffd8813a000 	C:\WINDOWS\SYSTEM32\WINMMBASE.dll
0x00007ffd92de0000 - 0x00007ffd92e29000 	C:\WINDOWS\System32\cfgmgr32.dll
0x00000000571c0000 - 0x00000000571cf000 	C:\Program Files\Java\jre1.8.0_161\bin\verify.dll
0x0000000057190000 - 0x00000000571b9000 	C:\Program Files\Java\jre1.8.0_161\bin\java.dll
0x0000000057170000 - 0x0000000057186000 	C:\Program Files\Java\jre1.8.0_161\bin\zip.dll
0x00007ffd949f0000 - 0x00007ffd95e30000 	C:\WINDOWS\System32\SHELL32.dll
0x00007ffd943d0000 - 0x00007ffd94479000 	C:\WINDOWS\System32\shcore.dll
0x00007ffd92ed0000 - 0x00007ffd935dd000 	C:\WINDOWS\System32\windows.storage.dll
0x00007ffd93690000 - 0x00007ffd936e1000 	C:\WINDOWS\System32\shlwapi.dll
0x00007ffd925a0000 - 0x00007ffd925b1000 	C:\WINDOWS\System32\kernel.appcore.dll
0x00007ffd92500000 - 0x00007ffd9251f000 	C:\WINDOWS\System32\profapi.dll
0x00007ffd92520000 - 0x00007ffd9256c000 	C:\WINDOWS\System32\powrprof.dll
0x00007ffd92590000 - 0x00007ffd9259a000 	C:\WINDOWS\System32\FLTLIB.DLL
0x00007ffd91f30000 - 0x00007ffd91f47000 	C:\WINDOWS\SYSTEM32\CRYPTSP.dll
0x00007ffd91960000 - 0x00007ffd91993000 	C:\WINDOWS\system32\rsaenh.dll
0x00007ffd92060000 - 0x00007ffd92085000 	C:\WINDOWS\SYSTEM32\bcrypt.dll
0x00007ffd92430000 - 0x00007ffd92458000 	C:\WINDOWS\SYSTEM32\USERENV.dll
0x00007ffd91f50000 - 0x00007ffd91f5b000 	C:\WINDOWS\SYSTEM32\CRYPTBASE.dll
0x0000000057150000 - 0x000000005716a000 	C:\Program Files\Java\jre1.8.0_161\bin\net.dll
0x00007ffd91d80000 - 0x00007ffd91de6000 	C:\WINDOWS\system32\mswsock.dll
0x00007ffd91b00000 - 0x00007ffd91b38000 	C:\WINDOWS\SYSTEM32\IPHLPAPI.DLL
0x00007ffd94670000 - 0x00007ffd94678000 	C:\WINDOWS\System32\NSI.dll
0x00007ffd8ca60000 - 0x00007ffd8ca76000 	C:\WINDOWS\SYSTEM32\dhcpcsvc6.DLL
0x00007ffd8cdd0000 - 0x00007ffd8cdea000 	C:\WINDOWS\SYSTEM32\dhcpcsvc.DLL
0x0000000057130000 - 0x0000000057141000 	C:\Program Files\Java\jre1.8.0_161\bin\nio.dll
0x00000000570e0000 - 0x00000000570ed000 	C:\Program Files\Java\jre1.8.0_161\bin\management.dll
0x00007ffd91b40000 - 0x00007ffd91bfe000 	C:\WINDOWS\SYSTEM32\DNSAPI.dll
0x00007ffd8bda0000 - 0x00007ffd8bdaa000 	C:\Windows\System32\rasadhlp.dll
0x00007ffd8a950000 - 0x00007ffd8a9c2000 	C:\WINDOWS\System32\fwpuclnt.dll
0x00007ffd85db0000 - 0x00007ffd85dc6000 	C:\WINDOWS\system32\napinsp.dll
0x00007ffd85b00000 - 0x00007ffd85b1a000 	C:\WINDOWS\system32\pnrpnsp.dll
0x00007ffd8deb0000 - 0x00007ffd8dec9000 	C:\WINDOWS\system32\NLAapi.dll
0x00007ffd85ae0000 - 0x00007ffd85aee000 	C:\WINDOWS\System32\winrnr.dll
0x00007ffd85060000 - 0x00007ffd85075000 	C:\WINDOWS\System32\wshbth.dll

VM Arguments:
jvm_args: -Dfile.encoding=UTF-8 
java_command: last.hibernate.dp.Main
java_class_path (initial): C:\Program Files\Java\jre1.8.0_161\lib\resources.jar;C:\Program Files\Java\jre1.8.0_161\lib\rt.jar;C:\Program Files\Java\jre1.8.0_161\lib\jsse.jar;C:\Program Files\Java\jre1.8.0_161\lib\jce.jar;C:\Program Files\Java\jre1.8.0_161\lib\charsets.jar;C:\Program Files\Java\jre1.8.0_161\lib\jfr.jar;C:\Program Files\Java\jre1.8.0_161\lib\ext\access-bridge-64.jar;C:\Program Files\Java\jre1.8.0_161\lib\ext\cldrdata.jar;C:\Program Files\Java\jre1.8.0_161\lib\ext\dnsns.jar;C:\Program Files\Java\jre1.8.0_161\lib\ext\jaccess.jar;C:\Program Files\Java\jre1.8.0_161\lib\ext\jfxrt.jar;C:\Program Files\Java\jre1.8.0_161\lib\ext\localedata.jar;C:\Program Files\Java\jre1.8.0_161\lib\ext\nashorn.jar;C:\Program Files\Java\jre1.8.0_161\lib\ext\sunec.jar;C:\Program Files\Java\jre1.8.0_161\lib\ext\sunjce_provider.jar;C:\Program Files\Java\jre1.8.0_161\lib\ext\sunmscapi.jar;C:\Program Files\Java\jre1.8.0_161\lib\ext\sunpkcs11.jar;C:\Program Files\Java\jre1.8.0_161\lib\ext\zipfs.jar;C:\Users\Firdo\eclipse-workspace\dp\target\classes;C:\Users\Firdo\eclipse-workspace\demo\lib\ojdbc6.jar;C:\Users\Firdo\.m2\repository\org\hibernate\hibernate-core\5.3.1.Final\hibernate-core-5.3.1.Final.jar;C:\Users\Firdo\.m2\repository\org\jboss\logging\jboss-logging\3.3.2.Final\jboss-logging-3.3.2.Final.jar;C:\Users\Firdo\.m2\repository\javax\persistence\javax.persistence-api\2.2\javax.persistence-api-2.2.jar;C:\Users\Firdo\.m2\repository\org\javassist\javassist\3.22.0-GA\javassist-3.22.0-GA.jar;C:\Users\Firdo\.m2\repository\net\bytebuddy\byte-buddy\1.8.12\byte-buddy-1.8.12.jar;C:\Users\Firdo\.m2\repository\antlr\antlr\2.7.7\antlr-2.7.7.jar;C:\Users\Firdo\.m2\repository\org\jboss\spec\javax\transaction\jboss-transaction-api_1.2_spec\1.1.1.Final\jboss-transaction-api_1.2_spec-1.1.1.Final.jar;C:\Users\Firdo\.m2\repository\org\jboss\jandex\2.0.3.Final\jandex-2.0.3.Final.jar;C:\Users\Firdo\.m2\repository\com\fasterxml\classmate\1.3.4\classmate-1.3.4.jar;C:\Users\Firdo\.m2\repository\dom4j\
Launcher Type: SUN_STANDARD

Environment Variables:
PATH=C:/Program Files/Java/jre1.8.0_161/bin/server;C:/Program Files/Java/jre1.8.0_161/bin;C:/Program Files/Java/jre1.8.0_161/lib/amd64;C:\oraclexe\app\oracle\product\11.2.0\server\bin;;C:\Program Files (x86)\Intel\iCLS Client\;C:\ProgramData\Oracle\Java\javapath;C:\Program Files\Intel\iCLS Client\;C:\windows\system32;C:\windows;C:\windows\System32\Wbem;C:\windows\System32\WindowsPowerShell\v1.0\;C:\Program Files (x86)\NVIDIA Corporation\PhysX\Common;C:\Program Files\Git\cmd;C:\Program Files (x86)\Intel\Intel(R) Management Engine Components\DAL;C:\Program Files\Intel\Intel(R) Management Engine Components\DAL;C:\Program Files (x86)\Intel\Intel(R) Management Engine Components\IPT;C:\Program Files\Intel\Intel(R) Management Engine Components\IPT;C:\Program Files\nodejs\;C:\WINDOWS\system32;C:\WINDOWS;C:\WINDOWS\System32\Wbem;C:\WINDOWS\System32\WindowsPowerShell\v1.0\;C:\Program Files\Microsoft SQL Server\Client SDK\ODBC\130\Tools\Binn\;C:\Program Files (x86)\Microsoft SQL Server\140\Tools\Binn\;C:\Program Files\Microsoft SQL Server\140\Tools\Binn\;C:\Program Files\Microsoft SQL Server\140\DTS\Binn\;C:\Program Files (x86)\Microsoft SQL Server\Client SDK\ODBC\130\Tools\Binn\;C:\Program Files (x86)\Microsoft SQL Server\140\DTS\Binn\;C:\Program Files (x86)\Microsoft SQL Server\140\Tools\Binn\ManagementStudio\;C:\Program Files\Intel\WiFi\bin\;C:\Program Files\Common Files\Intel\WirelessCommon\;C:\WINDOWS\System32\OpenSSH\;C:\Users\Firdo\AppData\Local\Programs\Python\Python36-32\Scripts\;C:\Users\Firdo\AppData\Local\Programs\Python\Python36-32\;C:\Users\Firdo\AppData\Local\Microsoft\WindowsApps;C:\Users\Firdo\AppData\Local\atom\bin;C:\Users\Firdo\AppData\Roaming\npm;C:\Users\Firdo\AppData\Local\Microsoft\WindowsApps;;C:\Users\Firdo\AppData\Local\Programs\Microsoft VS Code\bin;C:\WINDOWS\System32;
USERNAME=Firdo
OS=Windows_NT
PROCESSOR_IDENTIFIER=Intel64 Family 6 Model 142 Stepping 10, GenuineIntel



---------------  S Y S T E M  ---------------

OS: Windows 10.0 , 64 bit Build 17134 (10.0.17134.753)

CPU:total 8 (initial active 8) (4 cores per cpu, 2 threads per core) family 6 model 142 stepping 10, cmov, cx8, fxsr, mmx, sse, sse2, sse3, ssse3, sse4.1, sse4.2, popcnt, avx, avx2, aes, clmul, erms, 3dnowpref, lzcnt, ht, tsc, tscinvbit, bmi1, bmi2, adx

Memory: 4k page, physical 8272100k(1268920k free), swap 23739744k(4168k free)

vm_info: Java HotSpot(TM) 64-Bit Server VM (25.161-b12) for windows-amd64 JRE (1.8.0_161-b12), built on Dec 19 2017 17:52:25 by "java_re" with MS VC++ 10.0 (VS2010)

time: Sun May 19 22:29:13 2019
elapsed time: 1 seconds (0d 0h 0m 1s)

